[  0%] Built target actionlib_msgs_generate_messages_nodejs
[  0%] Built target actionlib_msgs_generate_messages_py
[  0%] Built target geometry_msgs_generate_messages_py
[  0%] Built target sensor_msgs_generate_messages_nodejs
[  0%] Built target geometry_msgs_generate_messages_nodejs
[  0%] Built target std_msgs_generate_messages_py
[  0%] Built target std_msgs_generate_messages_nodejs
[  0%] Built target sensor_msgs_generate_messages_py
[  0%] Built target sensor_msgs_generate_messages_lisp
[  0%] Built target geometry_msgs_generate_messages_lisp
[  0%] Built target std_msgs_generate_messages_lisp
[  0%] Built target sensor_msgs_generate_messages_eus
[  0%] Built target _detection_msgs_generate_messages_check_deps_BoundingBoxes
[  0%] Built target actionlib_msgs_generate_messages_lisp
[  0%] Built target _detection_msgs_generate_messages_check_deps_BoundingBox
[  0%] Built target std_msgs_generate_messages_eus
[  0%] Built target std_msgs_generate_messages_cpp
[  0%] Built target geometry_msgs_generate_messages_eus
[  0%] Built target actionlib_msgs_generate_messages_eus
[  0%] Built target geometry_msgs_generate_messages_cpp
[  0%] Built target actionlib_msgs_generate_messages_cpp
[  0%] Built target sensor_msgs_generate_messages_cpp
[ 25%] Built target detection_msgs_generate_messages_py
[ 41%] Built target detection_msgs_generate_messages_nodejs
[ 58%] Built target detection_msgs_generate_messages_lisp
[ 83%] Built target detection_msgs_generate_messages_eus
[100%] Built target detection_msgs_generate_messages_cpp
[100%] Built target detection_msgs_generate_messages
