Not searching for unused variables given on the command line.
[36m--[0m Using CATKIN_DEVEL_PREFIX: /home/sah/osbert/yolo_ws/devel/.private/detection_msgs
[36m--[0m Using CMAKE_PREFIX_PATH: /opt/ros/noetic/share
[36m--[0m Found PythonInterp: /usr/bin/python3 (found suitable version "3.8.10", minimum required is "3")
[36m--[0m Using PYTHON_EXECUTABLE: /usr/bin/python3
[36m--[0m Using Debian Python package layout
[36m--[0m Using empy: /usr/lib/python3/dist-packages/em.py
[36m--[0m Using CATKIN_ENABLE_TESTING: ON
[36m--[0m Call enable_testing()
[36m--[0m Using CATKIN_TEST_RESULTS_DIR: /home/sah/osbert/yolo_ws/build/detection_msgs/test_results
[36m--[0m Forcing gtest/gmock from source, though one was otherwise available.
[36m--[0m Found gtest sources under '/usr/src/googletest': gtests will be built
[36m--[0m Found gmock sources under '/usr/src/googletest': gmock will be built
[36m--[0m Found PythonInterp: /usr/bin/python3 (found version "3.8.10")
[36m--[0m Using Python nosetests: /usr/bin/nosetests3
[36m--[0m catkin 0.8.10
[36m--[0m BUILD_SHARED_LIBS is on
[36m--[0m Using these message generators:
[31m[1mCMake Error[0m at /opt/ros/noetic/share/genmsg/cmake/genmsg-extras.cmake:271 (message):
  Could not find 'share/actionlib_msgs/cmake/actionlib_msgs-msg-paths.cmake'
  (searched in '/home/sah/osbert/yolo_ws/devel/.private/detection_msgs').
[36mCall Stack (most recent call first):[0m
  CMakeLists.txt:73 (generate_messages)


[36m--[0m Configuring incomplete, errors occurred!
See also "/home/sah/osbert/yolo_ws/build/detection_msgs/CMakeFiles/CMakeOutput.log".
See also "/home/sah/osbert/yolo_ws/build/detection_msgs/CMakeFiles/CMakeError.log".
